<?xml version="1.0" encoding="UTF-8"?>
<coverage generated="1671563041658" clover="3.2.0">
  <project timestamp="1671563041659" name="All files">
    <metrics statements="15" coveredstatements="15" conditionals="10" coveredconditionals="10" methods="7" coveredmethods="7" elements="32" coveredelements="32" complexity="0" loc="15" ncloc="15" packages="1" files="4" classes="4"/>
    <file name="ReverseString.js" path="E:\Microverse\Microvere Repos\Tesing-JavaScript\ReverseString.js">
      <metrics statements="2" coveredstatements="2" conditionals="2" coveredconditionals="2" methods="1" coveredmethods="1"/>
      <line num="2" count="2" type="cond" truecount="2" falsecount="0"/>
      <line num="5" count="1" type="stmt"/>
    </file>
    <file name="StringLength.js" path="E:\Microverse\Microvere Repos\Tesing-JavaScript\StringLength.js">
      <metrics statements="4" coveredstatements="4" conditionals="4" coveredconditionals="4" methods="1" coveredmethods="1"/>
      <line num="2" count="3" type="cond" truecount="4" falsecount="0"/>
      <line num="3" count="2" type="stmt"/>
      <line num="5" count="1" type="stmt"/>
      <line num="10" count="1" type="stmt"/>
    </file>
    <file name="calculator.js" path="E:\Microverse\Microvere Repos\Tesing-JavaScript\calculator.js">
      <metrics statements="7" coveredstatements="7" conditionals="4" coveredconditionals="4" methods="4" coveredmethods="4"/>
      <line num="5" count="3" type="stmt"/>
      <line num="10" count="3" type="stmt"/>
      <line num="15" count="3" type="stmt"/>
      <line num="20" count="3" type="cond" truecount="4" falsecount="0"/>
      <line num="21" count="2" type="stmt"/>
      <line num="23" count="1" type="stmt"/>
      <line num="28" count="1" type="stmt"/>
    </file>
    <file name="capitalize.js" path="E:\Microverse\Microvere Repos\Tesing-JavaScript\capitalize.js">
      <metrics statements="2" coveredstatements="2" conditionals="0" coveredconditionals="0" methods="1" coveredmethods="1"/>
      <line num="2" count="2" type="stmt"/>
      <line num="5" count="1" type="stmt"/>
    </file>
  </project>
</coverage>
