{"E:\\Microverse\\Microvere Repos\\Tesing-JavaScript\\ReverseString.js": {"path":"E:\\Microverse\\Microvere Repos\\Tesing-JavaScript\\ReverseString.js","statementMap":{"0":{"start":{"line":2,"column":4},"end":{"line":2,"column":60}},"1":{"start":{"line":5,"column":0},"end":{"line":5,"column":31}}},"fnMap":{"0":{"name":"reverseString","decl":{"start":{"line":1,"column":9},"end":{"line":1,"column":22}},"loc":{"start":{"line":1,"column":31},"end":{"line":3,"column":1}},"line":1}},"branchMap":{"0":{"loc":{"start":{"line":2,"column":11},"end":{"line":2,"column":59}},"type":"binary-expr","locations":[{"start":{"line":2,"column":11},"end":{"line":2,"column":46}},{"start":{"line":2,"column":50},"end":{"line":2,"column":59}}],"line":2}},"s":{"0":2,"1":1},"f":{"0":2},"b":{"0":[2,1]},"_coverageSchema":"1a1c01bbd47fc00a2c39e90264f33305004495a9","hash":"826cda6f060598e1522a54fe9bfa5b7826d36261"}
,"E:\\Microverse\\Microvere Repos\\Tesing-JavaScript\\StringLength.js": {"path":"E:\\Microverse\\Microvere Repos\\Tesing-JavaScript\\StringLength.js","statementMap":{"0":{"start":{"line":2,"column":4},"end":{"line":6,"column":5}},"1":{"start":{"line":3,"column":8},"end":{"line":3,"column":25}},"2":{"start":{"line":5,"column":8},"end":{"line":5,"column":39}},"3":{"start":{"line":10,"column":0},"end":{"line":10,"column":30}}},"fnMap":{"0":{"name":"stringLength","decl":{"start":{"line":1,"column":9},"end":{"line":1,"column":21}},"loc":{"start":{"line":1,"column":30},"end":{"line":7,"column":1}},"line":1}},"branchMap":{"0":{"loc":{"start":{"line":2,"column":4},"end":{"line":6,"column":5}},"type":"if","locations":[{"start":{"line":2,"column":4},"end":{"line":6,"column":5}},{"start":{"line":4,"column":10},"end":{"line":6,"column":5}}],"line":2},"1":{"loc":{"start":{"line":2,"column":8},"end":{"line":2,"column":68}},"type":"binary-expr","locations":[{"start":{"line":2,"column":8},"end":{"line":2,"column":36}},{"start":{"line":2,"column":40},"end":{"line":2,"column":68}}],"line":2}},"s":{"0":3,"1":2,"2":1,"3":1},"f":{"0":3},"b":{"0":[2,1],"1":[3,2]},"_coverageSchema":"1a1c01bbd47fc00a2c39e90264f33305004495a9","hash":"0c20e8f870311764251dad30a354e28668ec59e7"}
,"E:\\Microverse\\Microvere Repos\\Tesing-JavaScript\\calculator.js": {"path":"E:\\Microverse\\Microvere Repos\\Tesing-JavaScript\\calculator.js","statementMap":{"0":{"start":{"line":5,"column":8},"end":{"line":5,"column":21}},"1":{"start":{"line":10,"column":8},"end":{"line":10,"column":21}},"2":{"start":{"line":15,"column":8},"end":{"line":15,"column":21}},"3":{"start":{"line":20,"column":8},"end":{"line":24,"column":9}},"4":{"start":{"line":21,"column":12},"end":{"line":21,"column":25}},"5":{"start":{"line":23,"column":12},"end":{"line":23,"column":39}},"6":{"start":{"line":28,"column":0},"end":{"line":28,"column":28}}},"fnMap":{"0":{"name":"(anonymous_0)","decl":{"start":{"line":4,"column":4},"end":{"line":4,"column":5}},"loc":{"start":{"line":4,"column":14},"end":{"line":6,"column":5}},"line":4},"1":{"name":"(anonymous_1)","decl":{"start":{"line":9,"column":4},"end":{"line":9,"column":5}},"loc":{"start":{"line":9,"column":19},"end":{"line":11,"column":5}},"line":9},"2":{"name":"(anonymous_2)","decl":{"start":{"line":14,"column":4},"end":{"line":14,"column":5}},"loc":{"start":{"line":14,"column":19},"end":{"line":16,"column":5}},"line":14},"3":{"name":"(anonymous_3)","decl":{"start":{"line":19,"column":4},"end":{"line":19,"column":5}},"loc":{"start":{"line":19,"column":17},"end":{"line":25,"column":5}},"line":19}},"branchMap":{"0":{"loc":{"start":{"line":20,"column":8},"end":{"line":24,"column":9}},"type":"if","locations":[{"start":{"line":20,"column":8},"end":{"line":24,"column":9}},{"start":{"line":22,"column":15},"end":{"line":24,"column":9}}],"line":20},"1":{"loc":{"start":{"line":20,"column":12},"end":{"line":20,"column":58}},"type":"binary-expr","locations":[{"start":{"line":20,"column":12},"end":{"line":20,"column":33}},{"start":{"line":20,"column":37},"end":{"line":20,"column":58}}],"line":20}},"s":{"0":3,"1":3,"2":3,"3":3,"4":2,"5":1,"6":1},"f":{"0":3,"1":3,"2":3,"3":3},"b":{"0":[2,1],"1":[3,3]},"_coverageSchema":"1a1c01bbd47fc00a2c39e90264f33305004495a9","hash":"449dfdcd91d31a9d009518245b61070a47e909ae"}
,"E:\\Microverse\\Microvere Repos\\Tesing-JavaScript\\capitalize.js": {"path":"E:\\Microverse\\Microvere Repos\\Tesing-JavaScript\\capitalize.js","statementMap":{"0":{"start":{"line":2,"column":4},"end":{"line":2,"column":60}},"1":{"start":{"line":5,"column":0},"end":{"line":5,"column":34}}},"fnMap":{"0":{"name":"capitalizeString","decl":{"start":{"line":1,"column":9},"end":{"line":1,"column":25}},"loc":{"start":{"line":1,"column":34},"end":{"line":3,"column":1}},"line":1}},"branchMap":{},"s":{"0":2,"1":1},"f":{"0":2},"b":{},"_coverageSchema":"1a1c01bbd47fc00a2c39e90264f33305004495a9","hash":"9ddc6a6de29e24e47761732a18e39e02a7469122"}
}
